Log file open, 07/08/16 14:22:31
LogInit:Display: Running engine for game: Expendable
LogPlatformFile: Not using cached read wrapper
LogInit:Display: RandInit(1329740390) SRandInit(1329740390).
LogTaskGraph: Started task graph with 4 named threads and 7 total threads.
LogStats: Stats thread started at 0.068272
LogHMD: Can't find Oculus library dev build: is proper Runtime installed? Version: 1.3.0
LogInit: Version: 4.11.2-2946394+++UE4+Release-4.11
LogInit: API Version: 2927265
LogInit: Compiled (64-bit): Apr 18 2016 02:18:46
LogInit: Compiled with Visual C++: 19.00.23026.00
LogInit: Build Configuration: Development
LogInit: Branch Name: ++UE4+Release-4.11
LogInit: Command line: -EpicPortal 
LogInit: Base directory: C:/Program Files (x86)/Epic Games/4.11/Engine/Binaries/Win64/
LogInit: Installed Engine Build: 1
LogInit: Using libcurl 7.41.0
LogInit:  - built for x86_64-pc-win32
LogInit:  - supports SSL with WinSSL
LogInit:  - other features:
LogInit:      CURL_VERSION_SSL
LogInit:      CURL_VERSION_IPV6
LogInit:      CURL_VERSION_ASYNCHDNS
LogInit:      CURL_VERSION_LARGEFILE
LogInit:      CURL_VERSION_IDN
LogInit:  CurlRequestOptions (configurable via config and command line):
LogInit:  - bVerifyPeer = true  - Libcurl will verify peer certificate
LogInit:  - bUseHttpProxy = false  - Libcurl will NOT use HTTP proxy
LogInit:  - bDontReuseConnections = false  - Libcurl will reuse connections
LogInit:  - CertBundlePath = nullptr  - Libcurl will use whatever was configured at build time.
LogInit: Presizing for max 16777216 objects, including 0 objects not considered by GC, pre-allocating 0 bytes for permanent pool.
LogInit: Object subsystem initialized
[2016.07.08-18.22.31:533][  0]LogInit: Selected Device Profile: [Windows]
[2016.07.08-18.22.31:533][  0]LogInit: Applying CVar settings loaded from the selected device profile: [Windows]
[2016.07.08-18.22.31:537][  0]LogInit: Computer: I7
[2016.07.08-18.22.31:537][  0]LogInit: User: Tom
[2016.07.08-18.22.31:537][  0]LogInit: CPU Page size=65536, Cores=4
[2016.07.08-18.22.31:537][  0]LogInit: High frequency timer resolution =3.903993 MHz
[2016.07.08-18.22.31:537][  0]LogMemory: Memory total: Physical=15.9GB (16GB approx)
[2016.07.08-18.22.31:537][  0]LogMemory: Platform Memory Stats for Windows
[2016.07.08-18.22.31:537][  0]LogMemory: Process Physical Memory: 310.86 MB used, 310.86 MB peak
[2016.07.08-18.22.31:537][  0]LogMemory: Process Virtual Memory: 315.69 MB used, 315.69 MB peak
[2016.07.08-18.22.31:537][  0]LogMemory: Physical Memory: 7343.36 MB used, 16325.31 MB total
[2016.07.08-18.22.31:537][  0]LogMemory: Virtual Memory: 636.23 MB used, 134217728.00 MB total
[2016.07.08-18.22.31:573][  0]LogTextLocalizationManager: No specific translations for ('en-US') exist, so ('en') translations will be used.
[2016.07.08-18.22.31:923][  0]LogD3D11RHI: D3D11 adapters:
[2016.07.08-18.22.31:942][  0]LogD3D11RHI:    0. 'NVIDIA GeForce GTX 970' (Feature Level 11_0)
[2016.07.08-18.22.31:942][  0]LogD3D11RHI:       3976MB of dedicated video memory, 0MB of dedicated system memory, and 8162MB of shared system memory, 2 output[s]
[2016.07.08-18.22.31:943][  0]LogD3D11RHI:    1. 'Microsoft Basic Render Driver' (Feature Level 11_0)
[2016.07.08-18.22.31:943][  0]LogD3D11RHI:       0MB of dedicated video memory, 0MB of dedicated system memory, and 256MB of shared system memory, 0 output[s]
[2016.07.08-18.22.31:943][  0]LogD3D11RHI: Chosen D3D11 Adapter: 0
[2016.07.08-18.22.31:949][  0]LogD3D11RHI: Creating new Direct3DDevice
[2016.07.08-18.22.31:949][  0]LogD3D11RHI:     Adapter Name: NVIDIA GeForce GTX 970
[2016.07.08-18.22.31:949][  0]LogD3D11RHI:   Driver Version: 10.18.13.5891 (internal 10.18.13.5891)
[2016.07.08-18.22.31:949][  0]LogD3D11RHI:      Driver Date: 11-5-2015
[2016.07.08-18.22.31:949][  0]LogRHI: Texture pool is 1361 MB (70% of 1945 MB)
[2016.07.08-18.22.31:962][  0]LogD3D11RHI: Async texture creation enabled
[2016.07.08-18.22.31:977][  0]LogShaderCompilers: Guid format shader working directory is 12 characters bigger than the processId version (E:/Unreal Projects 2/Expendable/Intermediate/Shaders/WorkingDirectory/22996/).
[2016.07.08-18.22.31:977][  0]LogShaderCompilers: Cleaned the shader compiler working directory 'C:/Users/Tom/AppData/Local/Temp/UnrealShaderWorkingDir/6114FE9F45F1AD97AAC3858CFAB51F97/'.
[2016.07.08-18.22.31:977][  0]LogShaderCompilers:Display: Using Local Shader Compiler.
[2016.07.08-18.22.32:887][  0]LogTemp:Display: Loaded TP AllDesktopTargetPlatform
[2016.07.08-18.22.32:891][  0]LogTemp:Display: Loaded TP WindowsClientTargetPlatform
[2016.07.08-18.22.32:895][  0]LogTemp:Display: Loaded TP WindowsNoEditorTargetPlatform
[2016.07.08-18.22.32:899][  0]LogTemp:Display: Loaded TP WindowsServerTargetPlatform
[2016.07.08-18.22.32:903][  0]LogTemp:Display: Loaded TP WindowsTargetPlatform
[2016.07.08-18.22.32:905][  0]LogTemp:Display: Loaded TP AndroidTargetPlatform
[2016.07.08-18.22.32:909][  0]LogTemp:Display: Loaded TP Android_ASTCTargetPlatform
[2016.07.08-18.22.32:912][  0]LogTemp:Display: Loaded TP Android_ATCTargetPlatform
[2016.07.08-18.22.32:914][  0]LogTemp:Display: Loaded TP Android_DXTTargetPlatform
[2016.07.08-18.22.32:917][  0]LogTemp:Display: Loaded TP Android_ETC1TargetPlatform
[2016.07.08-18.22.32:920][  0]LogTemp:Display: Loaded TP Android_ETC2TargetPlatform
[2016.07.08-18.22.32:925][  0]LogTemp:Display: Loaded TP Android_MultiTargetPlatform
[2016.07.08-18.22.32:925][  0]LogTemp:Display: Loaded TP Android_PVRTCTargetPlatform
[2016.07.08-18.22.32:925][  0]LogTemp:Display: Loaded TP HTML5TargetPlatform
[2016.07.08-18.22.32:941][  0]LogTemp:Display: Loaded TP IOSTargetPlatform
[2016.07.08-18.22.32:943][  0]LogTemp:Display: Loaded TP TVOSTargetPlatform
[2016.07.08-18.22.32:946][  0]LogTemp:Display: Loaded TP LinuxNoEditorTargetPlatform
[2016.07.08-18.22.32:948][  0]LogTemp:Display: Loaded TP LinuxServerTargetPlatform
[2016.07.08-18.22.32:951][  0]LogTemp:Display: Loaded TP LinuxTargetPlatform
[2016.07.08-18.22.32:951][  0]LogTargetPlatformManager:Display: Building Assets For Windows
[2016.07.08-18.22.33:018][  0]LogDerivedDataCache:Display: Max Cache Size: 512 MB
[2016.07.08-18.22.33:055][  0]LogDerivedDataCache: Loaded boot cache 0.04s 46MB C:/Users/Tom/AppData/Local/UnrealEngine/4.11/DerivedDataCache/Boot.ddc.
[2016.07.08-18.22.33:055][  0]LogDerivedDataCache:Display: Loaded Boot cache: C:/Users/Tom/AppData/Local/UnrealEngine/4.11/DerivedDataCache/Boot.ddc
[2016.07.08-18.22.33:055][  0]LogDerivedDataCache: FDerivedDataBackendGraph:  Pak pak cache file E:/Unreal Projects 2/Expendable/DerivedDataCache/DDC.ddp not found, will not use a pak cache.
[2016.07.08-18.22.33:055][  0]LogDerivedDataCache: Unable to find inner node Pak for hierarchical cache Hierarchy.
[2016.07.08-18.22.33:055][  0]LogDerivedDataCache: FDerivedDataBackendGraph:  CompressedPak pak cache file E:/Unreal Projects 2/Expendable/DerivedDataCache/Compressed.ddp not found, will not use a pak cache.
[2016.07.08-18.22.33:055][  0]LogDerivedDataCache: Unable to find inner node CompressedPak for hierarchical cache Hierarchy.
[2016.07.08-18.22.33:068][  0]LogDerivedDataCache:Display: Pak cache opened for reading ../../../Engine/DerivedDataCache/Compressed.ddp.
[2016.07.08-18.22.33:081][  0]LogDerivedDataCache: Using Local data cache path C:/Users/Tom/AppData/Local/UnrealEngine/Common/DerivedDataCache: Writable
[2016.07.08-18.22.33:230][  0]LogInit: Selected Device Profile: [Windows]
[2016.07.08-18.22.33:230][  0]LogContentStreaming: Texture pool size is 0.00 MB
[2016.07.08-18.22.33:257][  0]LogMaterial: Uniform references updated for custom material expression Custom.
[2016.07.08-18.22.33:355][  0]LogMeshUtilities: No automatic mesh reduction module available
[2016.07.08-18.22.33:355][  0]LogMeshUtilities: No automatic mesh merging module available
[2016.07.08-18.22.33:355][  0]LogMeshUtilities: No distributed automatic mesh merging module available
[2016.07.08-18.22.33:555][  0]LogUObjectArray: 27679 objects as part of root set at end of initial load.
[2016.07.08-18.22.33:555][  0]LogUObjectAllocator: 5591592 out of 0 bytes used by permanent object pool.
[2016.07.08-18.22.33:555][  0]LogUObjectArray: CloseDisregardForGC: 0/0 objects in disregard for GC pool
[2016.07.08-18.22.33:561][  0]LogInit: WinSock: version 1.1 (2.2), MaxSocks=32767, MaxUdp=65467
[2016.07.08-18.22.33:638][  0]LogSlate: SlateFontCache - WITH_FREETYPE: 1, WITH_HARFBUZZ: 1
[2016.07.08-18.22.33:638][  0]LogSlate: SlateFontCache - WITH_FREETYPE: 1, WITH_HARFBUZZ: 1
[2016.07.08-18.22.33:757][  0]LogStreaming:Warning: Failed to read file '../../../Engine/Content/Editor/Slate/Common/Selection_16x.png' error.
[2016.07.08-18.22.33:757][  0]LogSlate: Could not find file for Slate resource: ../../../Engine/Content/Editor/Slate/Common/Selection_16x.png
[2016.07.08-18.22.33:757][  0]LogStreaming:Warning: Failed to read file '../../../Engine/Content/Editor/Slate/Common/Selection_16x.png' error.
[2016.07.08-18.22.33:757][  0]LogSlate: Could not find file for Slate resource: ../../../Engine/Content/Editor/Slate/Common/Selection_16x.png
[2016.07.08-18.22.33:757][  0]LogStreaming:Warning: Failed to read file '../../../Engine/Content/Editor/Slate/Common/Selection_16x.png' error.
[2016.07.08-18.22.33:757][  0]LogSlate: Could not find file for Slate resource: ../../../Engine/Content/Editor/Slate/Common/Selection_16x.png
[2016.07.08-18.22.34:418][  0]LogUdpMessaging: Initializing bridge on interface 0.0.0.0:0 to multicast group 230.0.0.1:6666.
[2016.07.08-18.22.34:529][  0]LogAssetRegistry: FAssetRegistry took 0.0224 seconds to start up
[2016.07.08-18.22.34:652][  0]SourceControl: Info Source control is disabled
[2016.07.08-18.22.34:696][  0]SourceControl: Info Source control is disabled
[2016.07.08-18.22.34:703][  0]SourceControl: Info Source control is disabled
[2016.07.08-18.22.34:711][  0]SourceControl: Info Source control is disabled
[2016.07.08-18.22.34:900][  0]LogEngine: Initializing Engine...
[2016.07.08-18.22.34:902][  0]LogHMD: SteamVR initialized.  Driver: oculus_legacy  Display: 2081X008T3TH
[2016.07.08-18.22.35:028][  0]LogAIModule: Creating AISystem for world NewWorld
[2016.07.08-18.22.35:035][  0]LogInit: XAudio2 using 'Speakers (Realtek High Definition Audio)' : 2 channels at 48 kHz using 32 bits per sample (channel mask 0x3)
[2016.07.08-18.22.35:044][  0]LogInit: FAudioDevice initialized.
[2016.07.08-18.22.35:064][  0]LogDerivedDataCache: Saved boot cache 0.02s 46MB C:/Users/Tom/AppData/Local/UnrealEngine/4.11/DerivedDataCache/Boot.ddc.
[2016.07.08-18.22.35:068][  0]LogInit: Texture streaming: Enabled
[2016.07.08-18.22.35:086][  0]LogInit: Transaction tracking system initialized
[2016.07.08-18.22.35:105][  0]BlueprintLog: New page: Editor Load
[2016.07.08-18.22.35:260][  0]LocalizationService: Info Localization service is disabled
[2016.07.08-18.22.35:368][  0]LogConsoleResponse:Display: 
[2016.07.08-18.22.35:465][  0]LogCook:Display: Max memory allowance for cook 8192mb
[2016.07.08-18.22.35:465][  0]LogCook:Display: Mobile HDR setting 1
[2016.07.08-18.22.35:465][  0]LogCook:Display: Done creating registry. It took  0.00s.
[2016.07.08-18.22.35:512][  0]LogFileCache: Scanning file cache for directory 'E:/Unreal Projects 2/Expendable/Content/' took 0.01s
[2016.07.08-18.22.35:512][  0]SourceControl: Info Source control is disabled
[2016.07.08-18.22.35:512][  0]Cmd: MAP LOAD FILE="E:/Unreal Projects 2/Expendable/Content/ThirdPersonBP/Maps/ThirdPersonExampleMap.umap" TEMPLATE=0 SHOWPROGRESS=1 FEATURELEVEL=3
[2016.07.08-18.22.35:512][  0]LightingResults: New page: Lighting Build
[2016.07.08-18.22.35:515][  0]MapCheck: New page: Map Check
[2016.07.08-18.22.35:515][  0]LightingResults: New page: Lighting Build
[2016.07.08-18.22.35:855][  0]LogTexture:Display: Building textures: HQ_Lightmap2_1 (AutoDXT)
[2016.07.08-18.22.36:011][  0]LogTexture:Display: Building textures: HQ_Lightmap2_2 (AutoDXT)
[2016.07.08-18.22.36:100][  0]LogTexture:Display: Building textures: HQ_Lightmap2_3 (AutoDXT)
[2016.07.08-18.22.36:122][  0]LogTexture:Display: Building textures: HQ_Lightmap2_5 (AutoDXT)
[2016.07.08-18.22.36:140][  0]LogTexture:Display: Building textures: HQ_Lightmap2_6 (AutoDXT)
[2016.07.08-18.22.36:152][  0]LogTexture:Display: Building textures: LQ_Lightmap_0_1 (DXT1)
[2016.07.08-18.22.36:221][  0]LogTexture:Display: Building textures: LQ_Lightmap_0_2 (DXT1)
[2016.07.08-18.22.36:268][  0]LogTexture:Display: Building textures: LQ_Lightmap_0_3 (DXT1)
[2016.07.08-18.22.36:283][  0]LogTexture:Display: Building textures: LQ_Lightmap_0_5 (DXT1)
[2016.07.08-18.22.36:294][  0]LogTexture:Display: Building textures: LQ_Lightmap_0_6 (DXT1)
[2016.07.08-18.22.36:305][  0]LogTexture:Display: Building textures: SkyOcclusion0_1 (AutoDXT)
[2016.07.08-18.22.36:387][  0]LogTexture:Display: Building textures: SkyOcclusion0_2 (AutoDXT)
[2016.07.08-18.22.36:433][  0]LogTexture:Display: Building textures: SkyOcclusion0_3 (AutoDXT)
[2016.07.08-18.22.36:448][  0]LogTexture:Display: Building textures: SkyOcclusion0_5 (AutoDXT)
[2016.07.08-18.22.36:462][  0]LogTexture:Display: Building textures: SkyOcclusion0_6 (AutoDXT)
[2016.07.08-18.22.36:488][  0]LogAIModule: Creating AISystem for world ThirdPersonExampleMap
[2016.07.08-18.22.36:495][  0]LogEditorServer: Finished looking for orphan Actors (0.000 secs)
[2016.07.08-18.22.36:496][  0]Cmd: MAP CHECKDEP NOCLEARLOG
[2016.07.08-18.22.36:572][  0]MapCheck: Info Map check complete: 0 Error(s), 0 Warning(s), took 76.319ms to complete.
[2016.07.08-18.22.36:572][  0]LogFileHelpers: Loading map 'ThirdPersonExampleMap' took 1.060
[2016.07.08-18.22.36:684][  0]LogCollectionManager: Loaded 0 collections in 0.001160 seconds
[2016.07.08-18.22.36:727][  0]LogFileCache: Scanning file cache for directory 'E:/Unreal Projects 2/Expendable/Saved/Collections/' took 0.01s
[2016.07.08-18.22.36:727][  0]LogFileCache: Scanning file cache for directory 'E:/Unreal Projects 2/Expendable/Content/Developers/Tom/Collections/' took 0.01s
[2016.07.08-18.22.36:727][  0]LogFileCache: Scanning file cache for directory 'E:/Unreal Projects 2/Expendable/Content/Collections/' took 0.01s
[2016.07.08-18.22.36:727][  0]LogCollectionManager: Rebuilt the GUID cache for 0 collections in 0.000003 seconds
[2016.07.08-18.22.36:733][  0]LogContentBrowser: Native class hierarchy populated in 0.0067 seconds. Added 1979 classes and 343 folders.
[2016.07.08-18.22.36:736][  0]LogStats: UGameplayTagsManager::ConstructGameplayTagTree: Construct from data asset -  0.000 s
[2016.07.08-18.22.36:736][  0]LogStats: UGameplayTagsManager::ConstructGameplayTagTree: GameplayTagTreeChangedEvent.Broadcast -  0.000 s
[2016.07.08-18.22.36:737][  0]LogContentBrowser: Native class hierarchy updated for 'GameplayTags' in 0.0004 seconds. Added 12 classes and 0 folders.
[2016.07.08-18.22.36:741][  0]LogContentBrowser: Native class hierarchy updated for 'WidgetCarousel' in 0.0004 seconds. Added 0 classes and 0 folders.
[2016.07.08-18.22.36:748][  0]LogContentBrowser: Native class hierarchy updated for 'SuperSearch' in 0.0003 seconds. Added 1 classes and 2 folders.
[2016.07.08-18.22.36:793][  0]LogContentBrowser: Native class hierarchy updated for 'AddContentDialog' in 0.0004 seconds. Added 0 classes and 0 folders.
[2016.07.08-18.22.36:797][  0]LogContentBrowser: Native class hierarchy updated for 'SceneOutliner' in 0.0003 seconds. Added 1 classes and 2 folders.
[2016.07.08-18.22.36:818][  0]LogCrashTracker: Crashtracker disabled due to settings.
[2016.07.08-18.22.36:822][  0]LogUObjectGlobals:Warning: Failed to find object 'Class None.'
[2016.07.08-18.22.36:848][  0]LogContentBrowser: Native class hierarchy updated for 'HierarchicalLODOutliner' in 0.0003 seconds. Added 1 classes and 2 folders.
[2016.07.08-18.22.36:848][  0]LogLoad: Full Startup: 5.94 seconds (BP compile: 0.08 seconds)
[2016.07.08-18.22.36:848][  0]LogExternalProfiler: Found external profiler: VSPerf
[2016.07.08-18.22.36:848][  0]LogExternalProfiler: Using external profiler: VSPerf
[2016.07.08-18.22.36:859][  0]LogOcInput: OculusInput pre-init called
[2016.07.08-18.22.36:860][  0]LogOcInput: Can't find Oculus library dev build: is proper Runtime installed? Version: 1.3.0
[2016.07.08-18.22.36:877][  0]LogAssetRegistry: Asset discovery search completed in 2.3702 seconds
[2016.07.08-18.22.36:877][  0]LogCollectionManager: Rebuilt the object cache for 0 collections in 0.000001 seconds (found 0 objects)
[2016.07.08-18.22.36:877][  0]LogCollectionManager: Fixed up redirectors for 0 collections in 0.000019 seconds (updated 0 objects)
[2016.07.08-18.22.36:896][  0]LogContentStreaming: Texture pool size now 1000 MB
[2016.07.08-18.22.37:018][  0]LogRenderer: Reallocating scene render targets to support 1160x580 (Frame:2).
[2016.07.08-18.23.18:501][ 46]LogContentBrowser: Native class hierarchy updated for 'BlueprintGraph' in 0.0005 seconds. Added 108 classes and 0 folders.
[2016.07.08-18.23.37:015][873]BlueprintLog: New page: Compile ThirdPersonCharacter
[2016.07.08-18.23.37:037][873]LogActorComponent: UnregisterComponent: (/Engine/Transient.CharMoveComp) Not registered. Aborting.
[2016.07.08-18.23.37:117][873]BlueprintEditorCompileResults: Info [0066.21] Compile of ThirdPersonCharacter successful! [in 101 ms]
[2016.07.08-18.23.38:143][968]Cmd: OBJ SAVEPACKAGE PACKAGE="/Game/ThirdPersonBP/Blueprints/ThirdPersonCharacter" FILE="E:/Unreal Projects 2/Expendable/Content/ThirdPersonBP/Blueprints/ThirdPersonCharacter.uasset" SILENT=true
[2016.07.08-18.23.38:201][968]LogSavePackage: Save=56.22ms
[2016.07.08-18.23.38:201][968]LogSavePackage: Moving 'E:/Unreal Projects 2/Expendable/Saved/ThirdPersonCharacterBD3E26C4430E84E9239E3F8FD57C2392.tmp' to 'E:/Unreal Projects 2/Expendable/Content/ThirdPersonBP/Blueprints/ThirdPersonCharacter.uasset'
[2016.07.08-18.23.38:202][968]LogSavePackage: Total save time: 58.85ms
[2016.07.08-18.23.38:202][968]LogSavePackage:Display: Finished SavePackage E:/Unreal Projects 2/Expendable/Content/ThirdPersonBP/Blueprints/ThirdPersonCharacter.uasset
[2016.07.08-18.23.39:703][111]LogBlueprintUserMessages: Early PlayInEditor Detection: Level '/Game/ThirdPersonBP/Maps/ThirdPersonExampleMap.ThirdPersonExampleMap:PersistentLevel' has LevelScriptBlueprint '/Game/ThirdPersonBP/Maps/ThirdPersonExampleMap.ThirdPersonExampleMap:PersistentLevel.ThirdPersonExampleMap' with GeneratedClass '/Game/ThirdPersonBP/Maps/ThirdPersonExampleMap.ThirdPersonExampleMap_C' with ClassGeneratedBy '/Game/ThirdPersonBP/Maps/ThirdPersonExampleMap.ThirdPersonExampleMap:PersistentLevel.ThirdPersonExampleMap'
[2016.07.08-18.23.39:704][111]LogPlayLevel: PlayLevel: No blueprints needed recompiling
[2016.07.08-18.23.39:704][111]PIE: New page: PIE session: ThirdPersonExampleMap (Jul 8, 2016, 9:23:39 AM)
[2016.07.08-18.23.39:705][111]LogPlayLevel: Creating play world package: /Game/ThirdPersonBP/Maps/UEDPIE_0_ThirdPersonExampleMap
[2016.07.08-18.23.39:728][111]LogPlayLevel: PIE: StaticDuplicateObject took: (0.023049s)
[2016.07.08-18.23.39:728][111]LogAIModule: Creating AISystem for world ThirdPersonExampleMap
[2016.07.08-18.23.39:728][111]LogPlayLevel: PIE: World Init took: (0.000690s)
[2016.07.08-18.23.39:729][111]LogPlayLevel: PIE: Created PIE world by copying editor world from /Game/ThirdPersonBP/Maps/ThirdPersonExampleMap.ThirdPersonExampleMap to /Game/ThirdPersonBP/Maps/UEDPIE_0_ThirdPersonExampleMap.ThirdPersonExampleMap (0.024297s)
[2016.07.08-18.23.39:729][111]LogActorComponent: UnregisterComponent: (/Engine/Transient.CharMoveComp) Not registered. Aborting.
[2016.07.08-18.23.39:753][111]LogInit: XAudio2 using 'Speakers (Realtek High Definition Audio)' : 2 channels at 48 kHz using 32 bits per sample (channel mask 0x3)
[2016.07.08-18.23.39:762][111]LogInit: FAudioDevice initialized.
[2016.07.08-18.23.39:814][111]LogWorld: Game class is 'ThirdPersonGameMode_C'
[2016.07.08-18.23.39:817][111]LogWorld: Bringing World /Game/ThirdPersonBP/Maps/UEDPIE_0_ThirdPersonExampleMap.ThirdPersonExampleMap up for play (max tick rate 0) at 2016.07.08-14.23.39
[2016.07.08-18.23.39:818][111]LogWorld: Bringing up level for play took: 0.002545
[2016.07.08-18.23.39:822][111]LogContentBrowser: Native class hierarchy updated for 'MovieSceneCapture' in 0.0005 seconds. Added 9 classes and 0 folders.
[2016.07.08-18.23.39:822][111]PIE: Info Play in editor start time for /Game/ThirdPersonBP/Maps/UEDPIE_0_ThirdPersonExampleMap -0.128
[2016.07.08-18.23.39:823][111]LogBlueprintUserMessages: Late PlayInEditor Detection: Level '/Game/ThirdPersonBP/Maps/ThirdPersonExampleMap.ThirdPersonExampleMap:PersistentLevel' has LevelScriptBlueprint '/Game/ThirdPersonBP/Maps/ThirdPersonExampleMap.ThirdPersonExampleMap:PersistentLevel.ThirdPersonExampleMap' with GeneratedClass '/Game/ThirdPersonBP/Maps/ThirdPersonExampleMap.ThirdPersonExampleMap_C' with ClassGeneratedBy '/Game/ThirdPersonBP/Maps/ThirdPersonExampleMap.ThirdPersonExampleMap:PersistentLevel.ThirdPersonExampleMap'
[2016.07.08-18.23.39:842][111]LogRenderer: Reallocating scene render targets to support 1572x784 (Frame:2590).
[2016.07.08-18.23.53:569][462]LogBlueprintUserMessages: Early EndPlayMap Detection: Level '/Game/ThirdPersonBP/Maps/ThirdPersonExampleMap.ThirdPersonExampleMap:PersistentLevel' has LevelScriptBlueprint '/Game/ThirdPersonBP/Maps/ThirdPersonExampleMap.ThirdPersonExampleMap:PersistentLevel.ThirdPersonExampleMap' with GeneratedClass '/Game/ThirdPersonBP/Maps/ThirdPersonExampleMap.ThirdPersonExampleMap_C' with ClassGeneratedBy '/Game/ThirdPersonBP/Maps/ThirdPersonExampleMap.ThirdPersonExampleMap:PersistentLevel.ThirdPersonExampleMap'
[2016.07.08-18.23.53:606][462]LogBlueprintUserMessages: Late EndPlayMap Detection: Level '/Game/ThirdPersonBP/Maps/ThirdPersonExampleMap.ThirdPersonExampleMap:PersistentLevel' has LevelScriptBlueprint '/Game/ThirdPersonBP/Maps/ThirdPersonExampleMap.ThirdPersonExampleMap:PersistentLevel.ThirdPersonExampleMap' with GeneratedClass '/Game/ThirdPersonBP/Maps/ThirdPersonExampleMap.ThirdPersonExampleMap_C' with ClassGeneratedBy '/Game/ThirdPersonBP/Maps/ThirdPersonExampleMap.ThirdPersonExampleMap:PersistentLevel.ThirdPersonExampleMap'
[2016.07.08-18.24.05:967][828]LogEditorViewport: Clicking on Actor (LMB): ThirdPersonCharacter_C (ThirdPersonCharacter)
[2016.07.08-18.24.11:352][285]LogActorComponent: UnregisterComponent: (/Engine/Transient.CharMoveComp) Not registered. Aborting.
[2016.07.08-18.24.34:599][342]LogEditorTransaction: Undo Modify Component(s)
[2016.07.08-18.24.44:930][250]LogBlueprintUserMessages: Early PlayInEditor Detection: Level '/Game/ThirdPersonBP/Maps/ThirdPersonExampleMap.ThirdPersonExampleMap:PersistentLevel' has LevelScriptBlueprint '/Game/ThirdPersonBP/Maps/ThirdPersonExampleMap.ThirdPersonExampleMap:PersistentLevel.ThirdPersonExampleMap' with GeneratedClass '/Game/ThirdPersonBP/Maps/ThirdPersonExampleMap.ThirdPersonExampleMap_C' with ClassGeneratedBy '/Game/ThirdPersonBP/Maps/ThirdPersonExampleMap.ThirdPersonExampleMap:PersistentLevel.ThirdPersonExampleMap'
[2016.07.08-18.24.44:930][250]BlueprintLog: New page: Pre-Play auto-recompile
[2016.07.08-18.24.44:933][250]LogActorComponent: UnregisterComponent: (/Engine/Transient.CharacterMovementComponent_0) Not registered. Aborting.
[2016.07.08-18.24.44:940][250]LogPlayLevel: [PlayLevel] Compiling ThirdPersonCharacter before play...
[2016.07.08-18.24.45:037][250]LogPlayLevel: PlayLevel: Blueprint regeneration took 106 ms (1 blueprints)
[2016.07.08-18.24.45:059][250]PIE: New page: PIE session: ThirdPersonExampleMap (Jul 8, 2016, 9:24:45 AM)
[2016.07.08-18.24.45:059][250]LogPlayLevel: Creating play world package: /Game/ThirdPersonBP/Maps/UEDPIE_0_ThirdPersonExampleMap
[2016.07.08-18.24.45:077][250]LogPlayLevel: PIE: StaticDuplicateObject took: (0.018246s)
[2016.07.08-18.24.45:078][250]LogAIModule: Creating AISystem for world ThirdPersonExampleMap
[2016.07.08-18.24.45:078][250]LogPlayLevel: PIE: World Init took: (0.001198s)
[2016.07.08-18.24.45:078][250]LogPlayLevel: PIE: Created PIE world by copying editor world from /Game/ThirdPersonBP/Maps/ThirdPersonExampleMap.ThirdPersonExampleMap to /Game/ThirdPersonBP/Maps/UEDPIE_0_ThirdPersonExampleMap.ThirdPersonExampleMap (0.019658s)
[2016.07.08-18.24.45:131][250]LogInit: XAudio2 using 'Speakers (Realtek High Definition Audio)' : 2 channels at 48 kHz using 32 bits per sample (channel mask 0x3)
[2016.07.08-18.24.45:139][250]LogInit: FAudioDevice initialized.
[2016.07.08-18.24.45:168][250]LogWorld: Game class is 'ThirdPersonGameMode_C'
[2016.07.08-18.24.45:171][250]LogWorld: Bringing World /Game/ThirdPersonBP/Maps/UEDPIE_0_ThirdPersonExampleMap.ThirdPersonExampleMap up for play (max tick rate 0) at 2016.07.08-14.24.45
[2016.07.08-18.24.45:172][250]LogWorld: Bringing up level for play took: 0.002749
[2016.07.08-18.24.45:172][250]PIE: Info Play in editor start time for /Game/ThirdPersonBP/Maps/UEDPIE_0_ThirdPersonExampleMap 1.222
[2016.07.08-18.24.45:172][250]LogBlueprintUserMessages: Late PlayInEditor Detection: Level '/Game/ThirdPersonBP/Maps/ThirdPersonExampleMap.ThirdPersonExampleMap:PersistentLevel' has LevelScriptBlueprint '/Game/ThirdPersonBP/Maps/ThirdPersonExampleMap.ThirdPersonExampleMap:PersistentLevel.ThirdPersonExampleMap' with GeneratedClass '/Game/ThirdPersonBP/Maps/ThirdPersonExampleMap.ThirdPersonExampleMap_C' with ClassGeneratedBy '/Game/ThirdPersonBP/Maps/ThirdPersonExampleMap.ThirdPersonExampleMap:PersistentLevel.ThirdPersonExampleMap'
[2016.07.08-18.24.58:788][814]LogBlueprintUserMessages: Early EndPlayMap Detection: Level '/Game/ThirdPersonBP/Maps/ThirdPersonExampleMap.ThirdPersonExampleMap:PersistentLevel' has LevelScriptBlueprint '/Game/ThirdPersonBP/Maps/ThirdPersonExampleMap.ThirdPersonExampleMap:PersistentLevel.ThirdPersonExampleMap' with GeneratedClass '/Game/ThirdPersonBP/Maps/ThirdPersonExampleMap.ThirdPersonExampleMap_C' with ClassGeneratedBy '/Game/ThirdPersonBP/Maps/ThirdPersonExampleMap.ThirdPersonExampleMap:PersistentLevel.ThirdPersonExampleMap'
[2016.07.08-18.24.58:847][814]LogBlueprintUserMessages: Late EndPlayMap Detection: Level '/Game/ThirdPersonBP/Maps/ThirdPersonExampleMap.ThirdPersonExampleMap:PersistentLevel' has LevelScriptBlueprint '/Game/ThirdPersonBP/Maps/ThirdPersonExampleMap.ThirdPersonExampleMap:PersistentLevel.ThirdPersonExampleMap' with GeneratedClass '/Game/ThirdPersonBP/Maps/ThirdPersonExampleMap.ThirdPersonExampleMap_C' with ClassGeneratedBy '/Game/ThirdPersonBP/Maps/ThirdPersonExampleMap.ThirdPersonExampleMap:PersistentLevel.ThirdPersonExampleMap'
[2016.07.08-18.24.58:847][814]LogActorComponent: UnregisterComponent: (/Engine/Transient.CharacterMovementComponent_1) Not registered. Aborting.
[2016.07.08-18.25.04:181][268]LogActorComponent: UnregisterComponent: (/Engine/Transient.CharacterMovementComponent_2) Not registered. Aborting.
[2016.07.08-18.25.10:294][802]LogActorComponent: UnregisterComponent: (/Engine/Transient.CharacterMovementComponent_3) Not registered. Aborting.
[2016.07.08-18.25.19:959][624]LogBlueprintUserMessages: Early PlayInEditor Detection: Level '/Game/ThirdPersonBP/Maps/ThirdPersonExampleMap.ThirdPersonExampleMap:PersistentLevel' has LevelScriptBlueprint '/Game/ThirdPersonBP/Maps/ThirdPersonExampleMap.ThirdPersonExampleMap:PersistentLevel.ThirdPersonExampleMap' with GeneratedClass '/Game/ThirdPersonBP/Maps/ThirdPersonExampleMap.ThirdPersonExampleMap_C' with ClassGeneratedBy '/Game/ThirdPersonBP/Maps/ThirdPersonExampleMap.ThirdPersonExampleMap:PersistentLevel.ThirdPersonExampleMap'
[2016.07.08-18.25.19:959][624]BlueprintLog: New page: Pre-Play auto-recompile
[2016.07.08-18.25.19:962][624]LogActorComponent: UnregisterComponent: (/Engine/Transient.CharacterMovementComponent_4) Not registered. Aborting.
[2016.07.08-18.25.19:964][624]LogPlayLevel: [PlayLevel] Compiling ThirdPersonCharacter before play...
[2016.07.08-18.25.20:050][624]LogPlayLevel: PlayLevel: Blueprint regeneration took 90 ms (1 blueprints)
[2016.07.08-18.25.20:067][624]PIE: New page: PIE session: ThirdPersonExampleMap (Jul 8, 2016, 9:25:20 AM)
[2016.07.08-18.25.20:067][624]LogPlayLevel: Creating play world package: /Game/ThirdPersonBP/Maps/UEDPIE_0_ThirdPersonExampleMap
[2016.07.08-18.25.20:085][624]LogPlayLevel: PIE: StaticDuplicateObject took: (0.017828s)
[2016.07.08-18.25.20:085][624]LogAIModule: Creating AISystem for world ThirdPersonExampleMap
[2016.07.08-18.25.20:086][624]LogPlayLevel: PIE: World Init took: (0.000849s)
[2016.07.08-18.25.20:086][624]LogPlayLevel: PIE: Created PIE world by copying editor world from /Game/ThirdPersonBP/Maps/ThirdPersonExampleMap.ThirdPersonExampleMap to /Game/ThirdPersonBP/Maps/UEDPIE_0_ThirdPersonExampleMap.ThirdPersonExampleMap (0.018914s)
[2016.07.08-18.25.20:134][624]LogInit: XAudio2 using 'Speakers (Realtek High Definition Audio)' : 2 channels at 48 kHz using 32 bits per sample (channel mask 0x3)
[2016.07.08-18.25.20:141][624]LogInit: FAudioDevice initialized.
[2016.07.08-18.25.20:172][624]LogWorld: Game class is 'ThirdPersonGameMode_C'
[2016.07.08-18.25.20:175][624]LogWorld: Bringing World /Game/ThirdPersonBP/Maps/UEDPIE_0_ThirdPersonExampleMap.ThirdPersonExampleMap up for play (max tick rate 0) at 2016.07.08-14.25.20
[2016.07.08-18.25.20:175][624]LogWorld: Bringing up level for play took: 0.002510
[2016.07.08-18.25.20:176][624]PIE: Info Play in editor start time for /Game/ThirdPersonBP/Maps/UEDPIE_0_ThirdPersonExampleMap 0.226
[2016.07.08-18.25.20:176][624]LogBlueprintUserMessages: Late PlayInEditor Detection: Level '/Game/ThirdPersonBP/Maps/ThirdPersonExampleMap.ThirdPersonExampleMap:PersistentLevel' has LevelScriptBlueprint '/Game/ThirdPersonBP/Maps/ThirdPersonExampleMap.ThirdPersonExampleMap:PersistentLevel.ThirdPersonExampleMap' with GeneratedClass '/Game/ThirdPersonBP/Maps/ThirdPersonExampleMap.ThirdPersonExampleMap_C' with ClassGeneratedBy '/Game/ThirdPersonBP/Maps/ThirdPersonExampleMap.ThirdPersonExampleMap:PersistentLevel.ThirdPersonExampleMap'
[2016.07.08-18.25.27:725][495]LogBlueprintUserMessages: Early EndPlayMap Detection: Level '/Game/ThirdPersonBP/Maps/ThirdPersonExampleMap.ThirdPersonExampleMap:PersistentLevel' has LevelScriptBlueprint '/Game/ThirdPersonBP/Maps/ThirdPersonExampleMap.ThirdPersonExampleMap:PersistentLevel.ThirdPersonExampleMap' with GeneratedClass '/Game/ThirdPersonBP/Maps/ThirdPersonExampleMap.ThirdPersonExampleMap_C' with ClassGeneratedBy '/Game/ThirdPersonBP/Maps/ThirdPersonExampleMap.ThirdPersonExampleMap:PersistentLevel.ThirdPersonExampleMap'
[2016.07.08-18.25.27:785][495]LogBlueprintUserMessages: Late EndPlayMap Detection: Level '/Game/ThirdPersonBP/Maps/ThirdPersonExampleMap.ThirdPersonExampleMap:PersistentLevel' has LevelScriptBlueprint '/Game/ThirdPersonBP/Maps/ThirdPersonExampleMap.ThirdPersonExampleMap:PersistentLevel.ThirdPersonExampleMap' with GeneratedClass '/Game/ThirdPersonBP/Maps/ThirdPersonExampleMap.ThirdPersonExampleMap_C' with ClassGeneratedBy '/Game/ThirdPersonBP/Maps/ThirdPersonExampleMap.ThirdPersonExampleMap:PersistentLevel.ThirdPersonExampleMap'
[2016.07.08-18.25.27:785][495]LogActorComponent: UnregisterComponent: (/Engine/Transient.CharacterMovementComponent_5) Not registered. Aborting.
[2016.07.08-18.25.37:797][366]LogActorComponent: UnregisterComponent: (/Engine/Transient.CharacterMovementComponent_6) Not registered. Aborting.
[2016.07.08-18.25.40:106][565]LogEditorViewport: Clicking on Actor (LMB): StaticMeshActor (Floor)
[2016.07.08-18.25.40:678][613]LogBlueprintUserMessages: Early PlayInEditor Detection: Level '/Game/ThirdPersonBP/Maps/ThirdPersonExampleMap.ThirdPersonExampleMap:PersistentLevel' has LevelScriptBlueprint '/Game/ThirdPersonBP/Maps/ThirdPersonExampleMap.ThirdPersonExampleMap:PersistentLevel.ThirdPersonExampleMap' with GeneratedClass '/Game/ThirdPersonBP/Maps/ThirdPersonExampleMap.ThirdPersonExampleMap_C' with ClassGeneratedBy '/Game/ThirdPersonBP/Maps/ThirdPersonExampleMap.ThirdPersonExampleMap:PersistentLevel.ThirdPersonExampleMap'
[2016.07.08-18.25.40:678][613]BlueprintLog: New page: Pre-Play auto-recompile
[2016.07.08-18.25.40:681][613]LogActorComponent: UnregisterComponent: (/Engine/Transient.CharacterMovementComponent_7) Not registered. Aborting.
[2016.07.08-18.25.40:683][613]LogPlayLevel: [PlayLevel] Compiling ThirdPersonCharacter before play...
[2016.07.08-18.25.40:755][613]LogPlayLevel: PlayLevel: Blueprint regeneration took 77 ms (1 blueprints)
[2016.07.08-18.25.40:771][613]PIE: New page: PIE session: ThirdPersonExampleMap (Jul 8, 2016, 9:25:40 AM)
[2016.07.08-18.25.40:771][613]LogPlayLevel: Creating play world package: /Game/ThirdPersonBP/Maps/UEDPIE_0_ThirdPersonExampleMap
[2016.07.08-18.25.40:788][613]LogPlayLevel: PIE: StaticDuplicateObject took: (0.016866s)
[2016.07.08-18.25.40:789][613]LogAIModule: Creating AISystem for world ThirdPersonExampleMap
[2016.07.08-18.25.40:789][613]LogPlayLevel: PIE: World Init took: (0.000589s)
[2016.07.08-18.25.40:789][613]LogPlayLevel: PIE: Created PIE world by copying editor world from /Game/ThirdPersonBP/Maps/ThirdPersonExampleMap.ThirdPersonExampleMap to /Game/ThirdPersonBP/Maps/UEDPIE_0_ThirdPersonExampleMap.ThirdPersonExampleMap (0.017680s)
[2016.07.08-18.25.40:812][613]LogInit: XAudio2 using 'Speakers (Realtek High Definition Audio)' : 2 channels at 48 kHz using 32 bits per sample (channel mask 0x3)
[2016.07.08-18.25.40:821][613]LogInit: FAudioDevice initialized.
[2016.07.08-18.25.40:853][613]LogWorld: Game class is 'ThirdPersonGameMode_C'
[2016.07.08-18.25.40:856][613]LogWorld: Bringing World /Game/ThirdPersonBP/Maps/UEDPIE_0_ThirdPersonExampleMap.ThirdPersonExampleMap up for play (max tick rate 0) at 2016.07.08-14.25.40
[2016.07.08-18.25.40:856][613]LogWorld: Bringing up level for play took: 0.002453
[2016.07.08-18.25.40:857][613]PIE: Info Play in editor start time for /Game/ThirdPersonBP/Maps/UEDPIE_0_ThirdPersonExampleMap 0.907
[2016.07.08-18.25.40:857][613]LogBlueprintUserMessages: Late PlayInEditor Detection: Level '/Game/ThirdPersonBP/Maps/ThirdPersonExampleMap.ThirdPersonExampleMap:PersistentLevel' has LevelScriptBlueprint '/Game/ThirdPersonBP/Maps/ThirdPersonExampleMap.ThirdPersonExampleMap:PersistentLevel.ThirdPersonExampleMap' with GeneratedClass '/Game/ThirdPersonBP/Maps/ThirdPersonExampleMap.ThirdPersonExampleMap_C' with ClassGeneratedBy '/Game/ThirdPersonBP/Maps/ThirdPersonExampleMap.ThirdPersonExampleMap:PersistentLevel.ThirdPersonExampleMap'
[2016.07.08-18.25.49:610][623]LogBlueprintUserMessages: Early EndPlayMap Detection: Level '/Game/ThirdPersonBP/Maps/ThirdPersonExampleMap.ThirdPersonExampleMap:PersistentLevel' has LevelScriptBlueprint '/Game/ThirdPersonBP/Maps/ThirdPersonExampleMap.ThirdPersonExampleMap:PersistentLevel.ThirdPersonExampleMap' with GeneratedClass '/Game/ThirdPersonBP/Maps/ThirdPersonExampleMap.ThirdPersonExampleMap_C' with ClassGeneratedBy '/Game/ThirdPersonBP/Maps/ThirdPersonExampleMap.ThirdPersonExampleMap:PersistentLevel.ThirdPersonExampleMap'
[2016.07.08-18.25.49:652][623]LogBlueprintUserMessages: Late EndPlayMap Detection: Level '/Game/ThirdPersonBP/Maps/ThirdPersonExampleMap.ThirdPersonExampleMap:PersistentLevel' has LevelScriptBlueprint '/Game/ThirdPersonBP/Maps/ThirdPersonExampleMap.ThirdPersonExampleMap:PersistentLevel.ThirdPersonExampleMap' with GeneratedClass '/Game/ThirdPersonBP/Maps/ThirdPersonExampleMap.ThirdPersonExampleMap_C' with ClassGeneratedBy '/Game/ThirdPersonBP/Maps/ThirdPersonExampleMap.ThirdPersonExampleMap:PersistentLevel.ThirdPersonExampleMap'
[2016.07.08-18.25.49:652][623]LogActorComponent: UnregisterComponent: (/Engine/Transient.CharacterMovementComponent_8) Not registered. Aborting.
[2016.07.08-18.25.52:559][894]Cmd: OBJ SAVEPACKAGE PACKAGE="/Game/ThirdPersonBP/Blueprints/ThirdPersonCharacter" FILE="E:/Unreal Projects 2/Expendable/Content/ThirdPersonBP/Blueprints/ThirdPersonCharacter.uasset" SILENT=true
[2016.07.08-18.25.52:620][894]LogSavePackage: Save=60.00ms
[2016.07.08-18.25.52:620][894]LogSavePackage: Moving 'E:/Unreal Projects 2/Expendable/Saved/ThirdPersonCharacter8F38866941DC466187D0278C5DE5E296.tmp' to 'E:/Unreal Projects 2/Expendable/Content/ThirdPersonBP/Blueprints/ThirdPersonCharacter.uasset'
[2016.07.08-18.25.52:621][894]LogSavePackage: Total save time: 61.54ms
[2016.07.08-18.25.52:621][894]LogSavePackage:Display: Finished SavePackage E:/Unreal Projects 2/Expendable/Content/ThirdPersonBP/Blueprints/ThirdPersonCharacter.uasset
[2016.07.08-18.28.02:040][ 21]LogEditorViewport: Clicking on Actor (LMB): StaticMeshActor (Floor)
[2016.07.08-18.28.23:846][ 28]Cmd: SELECT NONE
[2016.07.08-18.28.27:347][424]LogEditorViewport: Clicking on Actor (LMB): StaticMeshActor (Wall12)
[2016.07.08-18.28.28:990][584]Cmd: DELETE
[2016.07.08-18.28.28:990][584]Cmd: ACTOR DELETE
[2016.07.08-18.28.28:995][584]LogEditorActor: Deleted Actor: StaticMeshActor
[2016.07.08-18.28.28:995][584]LogActorComponent: UnregisterComponent: (/Engine/Transient.CharacterMovementComponent_9) Not registered. Aborting.
[2016.07.08-18.28.29:007][584]LogEditorActor: Deleted 1 Actors (0.013 secs)
[2016.07.08-18.28.30:248][726]LogEditorViewport: Clicking on Actor (LMB): StaticMeshActor (Wall5)
[2016.07.08-18.28.38:826][543]Cmd: TRANSACTION UNDO
[2016.07.08-18.28.38:826][543]LogEditorTransaction: Undo Scale Actors
[2016.07.08-18.28.46:224][217]LogUnrealMath: Expression Error : No value recognized
[2016.07.08-18.28.46:224][217]LogUnrealMath: Expression Error : Error in expression
[2016.07.08-18.28.47:420][335]LogEditorViewport: Clicking on Actor (LMB): PostProcessVolume (PostProcessVolume)
[2016.07.08-18.28.48:756][464]LogEditorViewport: Clicking on Actor (LMB): StaticMeshActor (Wall5)
[2016.07.08-18.28.53:874][961]LogEditorViewport: Clicking on Actor (LMB): StaticMeshActor (Wall5)
[2016.07.08-18.29.02:039][773]Cmd: CAMERA ALIGN ACTIVEVIEWPORTONLY
[2016.07.08-18.29.11:626][743]LogBlueprintUserMessages: Early PlayInEditor Detection: Level '/Game/ThirdPersonBP/Maps/ThirdPersonExampleMap.ThirdPersonExampleMap:PersistentLevel' has LevelScriptBlueprint '/Game/ThirdPersonBP/Maps/ThirdPersonExampleMap.ThirdPersonExampleMap:PersistentLevel.ThirdPersonExampleMap' with GeneratedClass '/Game/ThirdPersonBP/Maps/ThirdPersonExampleMap.ThirdPersonExampleMap_C' with ClassGeneratedBy '/Game/ThirdPersonBP/Maps/ThirdPersonExampleMap.ThirdPersonExampleMap:PersistentLevel.ThirdPersonExampleMap'
[2016.07.08-18.29.11:626][743]LogPlayLevel: PlayLevel: No blueprints needed recompiling
[2016.07.08-18.29.11:626][743]PIE: New page: PIE session: ThirdPersonExampleMap (Jul 8, 2016, 9:29:11 AM)
[2016.07.08-18.29.11:626][743]LogPlayLevel: Creating play world package: /Game/ThirdPersonBP/Maps/UEDPIE_0_ThirdPersonExampleMap
[2016.07.08-18.29.11:645][743]LogPlayLevel: PIE: StaticDuplicateObject took: (0.018504s)
[2016.07.08-18.29.11:646][743]LogAIModule: Creating AISystem for world ThirdPersonExampleMap
[2016.07.08-18.29.11:646][743]LogPlayLevel: PIE: World Init took: (0.000853s)
[2016.07.08-18.29.11:646][743]LogPlayLevel: PIE: Created PIE world by copying editor world from /Game/ThirdPersonBP/Maps/ThirdPersonExampleMap.ThirdPersonExampleMap to /Game/ThirdPersonBP/Maps/UEDPIE_0_ThirdPersonExampleMap.ThirdPersonExampleMap (0.019651s)
[2016.07.08-18.29.11:667][743]LogInit: XAudio2 using 'Speakers (Realtek High Definition Audio)' : 2 channels at 48 kHz using 32 bits per sample (channel mask 0x3)
[2016.07.08-18.29.11:679][743]LogInit: FAudioDevice initialized.
[2016.07.08-18.29.11:711][743]LogWorld: Game class is 'ThirdPersonGameMode_C'
[2016.07.08-18.29.11:715][743]LogWorld: Bringing World /Game/ThirdPersonBP/Maps/UEDPIE_0_ThirdPersonExampleMap.ThirdPersonExampleMap up for play (max tick rate 0) at 2016.07.08-14.29.11
[2016.07.08-18.29.11:715][743]LogWorld: Bringing up level for play took: 0.003427
[2016.07.08-18.29.11:716][743]PIE: Info Play in editor start time for /Game/ThirdPersonBP/Maps/UEDPIE_0_ThirdPersonExampleMap -0.235
[2016.07.08-18.29.11:716][743]LogBlueprintUserMessages: Late PlayInEditor Detection: Level '/Game/ThirdPersonBP/Maps/ThirdPersonExampleMap.ThirdPersonExampleMap:PersistentLevel' has LevelScriptBlueprint '/Game/ThirdPersonBP/Maps/ThirdPersonExampleMap.ThirdPersonExampleMap:PersistentLevel.ThirdPersonExampleMap' with GeneratedClass '/Game/ThirdPersonBP/Maps/ThirdPersonExampleMap.ThirdPersonExampleMap_C' with ClassGeneratedBy '/Game/ThirdPersonBP/Maps/ThirdPersonExampleMap.ThirdPersonExampleMap:PersistentLevel.ThirdPersonExampleMap'
[2016.07.08-18.29.23:137][ 60]LogBlueprintUserMessages: Early EndPlayMap Detection: Level '/Game/ThirdPersonBP/Maps/ThirdPersonExampleMap.ThirdPersonExampleMap:PersistentLevel' has LevelScriptBlueprint '/Game/ThirdPersonBP/Maps/ThirdPersonExampleMap.ThirdPersonExampleMap:PersistentLevel.ThirdPersonExampleMap' with GeneratedClass '/Game/ThirdPersonBP/Maps/ThirdPersonExampleMap.ThirdPersonExampleMap_C' with ClassGeneratedBy '/Game/ThirdPersonBP/Maps/ThirdPersonExampleMap.ThirdPersonExampleMap:PersistentLevel.ThirdPersonExampleMap'
[2016.07.08-18.29.23:187][ 60]LogBlueprintUserMessages: Late EndPlayMap Detection: Level '/Game/ThirdPersonBP/Maps/ThirdPersonExampleMap.ThirdPersonExampleMap:PersistentLevel' has LevelScriptBlueprint '/Game/ThirdPersonBP/Maps/ThirdPersonExampleMap.ThirdPersonExampleMap:PersistentLevel.ThirdPersonExampleMap' with GeneratedClass '/Game/ThirdPersonBP/Maps/ThirdPersonExampleMap.ThirdPersonExampleMap_C' with ClassGeneratedBy '/Game/ThirdPersonBP/Maps/ThirdPersonExampleMap.ThirdPersonExampleMap:PersistentLevel.ThirdPersonExampleMap'
[2016.07.08-18.29.41:840][746]Cmd: OBJ SAVEPACKAGE PACKAGE="/Game/Maps/TestLevel" FILE="E:/Unreal Projects 2/Expendable/Content/Maps/TestLevel.umap" SILENT=true AUTOSAVING=false KEEPDIRTY=false
[2016.07.08-18.29.42:073][746]LogSavePackage: Save=219.67ms
[2016.07.08-18.29.42:073][746]LogSavePackage: Moving 'E:/Unreal Projects 2/Expendable/Saved/TestLevelA05CC6B1493273F935950E8B56322964.tmp' to 'E:/Unreal Projects 2/Expendable/Content/Maps/TestLevel.umap'
[2016.07.08-18.29.42:074][746]LogSavePackage: Total save time: 220.93ms
[2016.07.08-18.29.42:074][746]LogSavePackage:Display: Finished SavePackage E:/Unreal Projects 2/Expendable/Content/Maps/TestLevel.umap
[2016.07.08-18.29.42:083][746]LogFileHelpers: Saving map 'TestLevel' took 0.590
[2016.07.08-18.29.51:478][635]MapCheck: New page: Map Check
[2016.07.08-18.29.51:498][635]LightingResults: New page: Lighting Build - Jul 8, 2016, 9:29:51 AM
[2016.07.08-18.29.51:933][635]LogSwarmInterface: [OpenConnection] Registering TCP channel ...
[2016.07.08-18.29.52:238][635]LogSwarmInterface: [OpenConnection] Connecting to agent ...
[2016.07.08-18.29.52:492][635]LogSwarmInterface: [TryOpenConnection] Testing the Agent
[2016.07.08-18.29.53:189][635]LogSwarmInterface: [TryOpenConnection] Opening Connection to Agent
[2016.07.08-18.29.53:189][635]LogSwarmInterface: [TryOpenConnection] Local Process ID is 22996
[2016.07.08-18.29.55:236][635]LogStaticLightingSystem: Running Lightmass w/ ImmediateImport mode ENABLED
[2016.07.08-18.29.55:236][635]LogStaticLightingSystem: Running Lightmass w/ ImmediateProcess mode ENABLED
[2016.07.08-18.29.55:236][635]LogStaticLightingSystem: Running Lightmass w/ Sorting mode ENABLED
[2016.07.08-18.29.55:236][635]LogStaticLightingSystem: Running Lightmass w/ Mapping paddings ENABLED
[2016.07.08-18.29.55:236][635]LogStaticLightingSystem: Running Lightmass w/ Mapping debug paddings DISABLED
[2016.07.08-18.29.55:449][635]LogEditorBuildUtils: Build time 0:00:03
[2016.07.08-18.29.55:520][637]LogActorComponent: UnregisterComponent: (/Engine/Transient.CharacterMovementComponent_10) Not registered. Aborting.
[2016.07.08-18.30.03:913][242]Job is a success!
[2016.07.08-18.30.05:115][243]LogTexture:Display: Building textures: HQ_Lightmap0_1 (AutoDXT)
[2016.07.08-18.30.05:115][243]LogTexture:Display: Building textures: LQ_Lightmap_1_1 (DXT1)
[2016.07.08-18.30.05:115][243]LogTexture:Display: Building textures: SkyOcclusion1_2 (AutoDXT)
[2016.07.08-18.30.05:115][243]LogTexture:Display: Building textures: SkyOcclusion1_1 (AutoDXT)
[2016.07.08-18.30.05:115][243]LogTexture:Display: Building textures: HQ_Lightmap0_2 (AutoDXT)
[2016.07.08-18.30.05:115][243]LogTexture:Display: Building textures: LQ_Lightmap_1_2 (DXT1)
[2016.07.08-18.30.05:115][243]LogTexture:Display: Building textures: SkyOcclusion1_3 (AutoDXT)
[2016.07.08-18.30.05:115][243]LogTexture:Display: Building textures: HQ_Lightmap0_3 (AutoDXT)
[2016.07.08-18.30.05:115][243]LogTexture:Display: Building textures: SkyOcclusion0_4 (AutoDXT)
[2016.07.08-18.30.05:115][243]LogTexture:Display: Building textures: LQ_Lightmap_1_3 (DXT1)
[2016.07.08-18.30.05:115][243]LogTexture:Display: Building textures: HQ_Lightmap0_4 (AutoDXT)
[2016.07.08-18.30.05:115][243]LogTexture:Display: Building textures: LQ_Lightmap_0_4 (DXT1)
[2016.07.08-18.30.05:663][243]LogTexture:Display: Building textures: ShadowMapTexture2D_0 (G8)
[2016.07.08-18.30.05:663][243]LogTexture:Display: Building textures: ShadowMapTexture2D_1 (G8)
[2016.07.08-18.30.05:663][243]LogTexture:Display: Building textures: ShadowMapTexture2D_2 (G8)
[2016.07.08-18.30.05:810][243]Lightmass on I7: 8.96 sec total, 70 ms importing, 13 ms setup, 1.04 sec photons, 7.52 sec processing, 0 ms extra exporting [22/22 mappings]. Threads: 52.4 sec total, 27.5 sec processing.
[2016.07.08-18.30.05:830][243]LogStaticLightingSystem: Illumination: 14.3 sec (1.05 sec encoding lightmaps, 556 ms encoding shadowmaps)
[2016.07.08-18.30.05:830][243]LogStaticLightingSystem: Lightmap texture memory:  8.0 MB (8.0 MB streaming, 0.0 MB non-streaming), 8 textures
[2016.07.08-18.30.05:830][243]LogStaticLightingSystem: Shadowmap texture memory: 3.3 MB (3.3 MB streaming, 0.0 MB non-streaming), 3 textures
[2016.07.08-18.30.06:251][244]Cmd: MAP CHECK NOTIFYRESULTS
[2016.07.08-18.30.06:251][244]MapCheck: New page: TestLevel - Jul 8, 2016, 9:30:06 AM
[2016.07.08-18.30.06:358][244]MapCheck: Info Map check complete: 0 Error(s), 0 Warning(s), took 107.364ms to complete.
[2016.07.08-18.30.16:024][978]Cmd: OBJ SAVEPACKAGE PACKAGE="/Game/Maps/TestLevel" FILE="E:/Unreal Projects 2/Expendable/Content/Maps/TestLevel.umap" SILENT=true AUTOSAVING=false KEEPDIRTY=false
[2016.07.08-18.30.16:483][978]LogSavePackage: Save=437.88ms
[2016.07.08-18.30.16:483][978]LogSavePackage: Moving 'E:/Unreal Projects 2/Expendable/Saved/TestLevel84B03B1642E7E374B7C49B8AD643DC74.tmp' to 'E:/Unreal Projects 2/Expendable/Content/Maps/TestLevel.umap'
[2016.07.08-18.30.16:485][978]LogSavePackage: Total save time: 446.12ms
[2016.07.08-18.30.16:485][978]LogSavePackage:Display: Finished SavePackage E:/Unreal Projects 2/Expendable/Content/Maps/TestLevel.umap
[2016.07.08-18.30.16:491][978]LogFileHelpers: Saving map 'TestLevel' took 0.559
[2016.07.08-18.32.26:583][447]BlueprintLog: New page: Compile ThirdPersonCharacter
[2016.07.08-18.32.26:668][447]BlueprintEditorCompileResults: Info [0595.76] Compile of ThirdPersonCharacter successful! [in 85 ms]
[2016.07.08-18.32.30:529][745]Cmd: OBJ SAVEPACKAGE PACKAGE="/Game/Maps/TestLevel" FILE="E:/Unreal Projects 2/Expendable/Content/Maps/TestLevel.umap" SILENT=true AUTOSAVING=false KEEPDIRTY=false
[2016.07.08-18.32.30:883][745]LogSavePackage: Save=341.62ms
[2016.07.08-18.32.30:883][745]LogSavePackage: Moving 'E:/Unreal Projects 2/Expendable/Saved/TestLevelEF648E0346CA601C54E853A1C92B515C.tmp' to 'E:/Unreal Projects 2/Expendable/Content/Maps/TestLevel.umap'
[2016.07.08-18.32.30:885][745]LogSavePackage: Total save time: 344.17ms
[2016.07.08-18.32.30:885][745]LogSavePackage:Display: Finished SavePackage E:/Unreal Projects 2/Expendable/Content/Maps/TestLevel.umap
[2016.07.08-18.32.30:891][745]LogFileHelpers: Saving map 'TestLevel' took 0.441
[2016.07.08-18.32.30:906][745]Cmd: OBJ SAVEPACKAGE PACKAGE="/Game/ThirdPersonBP/Blueprints/ThirdPersonCharacter" FILE="E:/Unreal Projects 2/Expendable/Content/ThirdPersonBP/Blueprints/ThirdPersonCharacter.uasset" SILENT=true
[2016.07.08-18.32.30:970][745]LogSavePackage: Save=63.50ms
[2016.07.08-18.32.30:971][745]LogSavePackage: Moving 'E:/Unreal Projects 2/Expendable/Saved/ThirdPersonCharacter45B0CEDA4EE772AA0E3EB8B23D39A1CC.tmp' to 'E:/Unreal Projects 2/Expendable/Content/ThirdPersonBP/Blueprints/ThirdPersonCharacter.uasset'
[2016.07.08-18.32.30:971][745]LogSavePackage: Total save time: 65.29ms
[2016.07.08-18.32.30:972][745]LogSavePackage:Display: Finished SavePackage E:/Unreal Projects 2/Expendable/Content/ThirdPersonBP/Blueprints/ThirdPersonCharacter.uasset
[2016.07.08-18.42.30:957][993]LogActorComponent: UnregisterComponent: (/Engine/Transient.CharMoveComp) Not registered. Aborting.
[2016.07.08-18.42.30:971][993]LogFileHelpers: Editor autosave (incl. sublevels) for '/Game/Maps/TestLevel' took 0.014
[2016.07.08-18.52.20:261][534]LogWindowsTextInputMethodSystem:Display: IME system now deactivated.
[2016.07.08-18.52.20:424][535]Cmd: QUIT_EDITOR
[2016.07.08-18.52.21:393][535]LogExit: Preparing to exit.
[2016.07.08-18.52.22:011][535]LogExit: Editor shut down
[2016.07.08-18.52.22:011][535]LogExit: Transaction tracking system shut down
[2016.07.08-18.52.22:141][535]LogObj: Freed 0b from 0 cluster array pools.
[2016.07.08-18.52.22:141][535]LogExit: Object subsystem successfully closed.
[2016.07.08-18.52.22:158][535]LogD3D11RHI: Shutdown
[2016.07.08-18.52.22:158][535]LogD3D11RHI: CleanupD3DDevice
[2016.07.08-18.52.22:233][535]LogD3D11RHI: ~FD3D11DynamicRHI
[2016.07.08-18.52.22:336][535]LogDerivedDataCache: Shutdown
[2016.07.08-18.52.22:336][535]LogModuleManager: Shutting down and abandoning module ExternalImagePicker (207)
[2016.07.08-18.52.22:336][535]LogModuleManager: Shutting down and abandoning module MovieSceneCapture (206)
[2016.07.08-18.52.22:336][535]LogModuleManager: Shutting down and abandoning module BlueprintGraph (205)
[2016.07.08-18.52.22:336][535]LogModuleManager: Shutting down and abandoning module HierarchicalLODOutliner (204)
[2016.07.08-18.52.22:336][535]LogModuleManager: Shutting down and abandoning module CrashTracker (203)
[2016.07.08-18.52.22:336][535]LogModuleManager: Shutting down and abandoning module SceneOutliner (202)
[2016.07.08-18.52.22:336][535]LogModuleManager: Shutting down and abandoning module SuperSearch (201)
[2016.07.08-18.52.22:336][535]LogModuleManager: Shutting down and abandoning module WidgetCarousel (200)
[2016.07.08-18.52.22:336][535]LogModuleManager: Shutting down and abandoning module AddContentDialog (199)
[2016.07.08-18.52.22:337][535]LogModuleManager: Shutting down and abandoning module GameplayTags (198)
[2016.07.08-18.52.22:337][535]LogModuleManager: Shutting down and abandoning module EditorWidgets (197)
[2016.07.08-18.52.22:337][535]LogModuleManager: Shutting down and abandoning module CollectionManager (196)
[2016.07.08-18.52.22:337][535]LogModuleManager: Shutting down and abandoning module StatsViewer (195)
[2016.07.08-18.52.22:337][535]LogModuleManager: Shutting down and abandoning module FoliageEdit (194)
[2016.07.08-18.52.22:337][535]LogModuleManager: Shutting down and abandoning module LandscapeEditor (193)
[2016.07.08-18.52.22:338][535]LogModuleManager: Shutting down and abandoning module ActorPickerMode (192)
[2016.07.08-18.52.22:338][535]LogModuleManager: Shutting down and abandoning module GeometryMode (191)
[2016.07.08-18.52.22:338][535]LogModuleManager: Shutting down and abandoning module TextureAlignMode (190)
[2016.07.08-18.52.22:338][535]LogModuleManager: Shutting down and abandoning module BspMode (189)
[2016.07.08-18.52.22:338][535]LogModuleManager: Shutting down and abandoning module PlacementMode (188)
[2016.07.08-18.52.22:338][535]LogModuleManager: Shutting down and abandoning module AutomationWorker (187)
[2016.07.08-18.52.22:338][535]LogModuleManager: Shutting down and abandoning module CharacterAI (186)
[2016.07.08-18.52.22:338][535]LogModuleManager: Shutting down and abandoning module SmartSnapping (185)
[2016.07.08-18.52.22:338][535]LogModuleManager: Shutting down and abandoning module ViewportSnapping (184)
[2016.07.08-18.52.22:338][535]LogModuleManager: Shutting down and abandoning module LogVisualizer (183)
[2016.07.08-18.52.22:338][535]LogModuleManager: Shutting down and abandoning module GameProjectGeneration (182)
[2016.07.08-18.52.22:338][535]LogModuleManager: Shutting down and abandoning module IntroTutorials (181)
[2016.07.08-18.52.22:338][535]LogModuleManager: Shutting down and abandoning module EditorLiveStreaming (180)
[2016.07.08-18.52.22:338][535]LogModuleManager: Shutting down and abandoning module IOSPlatformEditor (179)
[2016.07.08-18.52.22:338][535]LogModuleManager: Shutting down and abandoning module HTML5PlatformEditor (178)
[2016.07.08-18.52.22:338][535]LogModuleManager: Shutting down and abandoning module AndroidDeviceDetection (177)
[2016.07.08-18.52.22:753][535]LogModuleManager: Shutting down and abandoning module AndroidPlatformEditor (176)
[2016.07.08-18.52.22:753][535]LogModuleManager: Shutting down and abandoning module IOSRuntimeSettings (175)
[2016.07.08-18.52.22:753][535]LogModuleManager: Shutting down and abandoning module AndroidRuntimeSettings (174)
[2016.07.08-18.52.22:753][535]LogModuleManager: Shutting down and abandoning module MergeActors (173)
[2016.07.08-18.52.22:753][535]LogModuleManager: Shutting down and abandoning module SizeMap (172)
[2016.07.08-18.52.22:753][535]LogModuleManager: Shutting down and abandoning module TreeMap (171)
[2016.07.08-18.52.22:753][535]LogModuleManager: Shutting down and abandoning module ReferenceViewer (170)
[2016.07.08-18.52.22:753][535]LogModuleManager: Shutting down and abandoning module LocalizationService (169)
[2016.07.08-18.52.22:753][535]LogModuleManager: Shutting down and abandoning module LocalizationDashboard (168)
[2016.07.08-18.52.22:753][535]LogModuleManager: Shutting down and abandoning module HardwareTargeting (167)
[2016.07.08-18.52.22:753][535]LogModuleManager: Shutting down and abandoning module DeviceProfileEditor (166)
[2016.07.08-18.52.22:753][535]LogModuleManager: Shutting down and abandoning module UndoHistory (165)
[2016.07.08-18.52.22:753][535]LogModuleManager: Shutting down and abandoning module UserFeedback (164)
[2016.07.08-18.52.22:753][535]LogModuleManager: Shutting down and abandoning module XmlParser (163)
[2016.07.08-18.52.22:753][535]LogModuleManager: Shutting down and abandoning module Blutility (162)
[2016.07.08-18.52.22:753][535]LogModuleManager: Shutting down and abandoning module ProjectTargetPlatformEditor (161)
[2016.07.08-18.52.22:753][535]LogModuleManager: Shutting down and abandoning module ProjectSettingsViewer (160)
[2016.07.08-18.52.22:753][535]LogModuleManager: Shutting down and abandoning module InputBindingEditor (159)
[2016.07.08-18.52.22:753][535]LogModuleManager: Shutting down and abandoning module EditorSettingsViewer (158)
[2016.07.08-18.52.22:753][535]LogModuleManager: Shutting down and abandoning module SettingsEditor (157)
[2016.07.08-18.52.22:753][535]LogModuleManager: Shutting down and abandoning module ProjectLauncher (156)
[2016.07.08-18.52.22:753][535]LogModuleManager: Shutting down and abandoning module SessionFrontend (155)
[2016.07.08-18.52.22:753][535]LogModuleManager: Shutting down and abandoning module ProfilerClient (154)
[2016.07.08-18.52.22:753][535]LogModuleManager: Shutting down and abandoning module TargetDeviceServices (153)
[2016.07.08-18.52.22:753][535]LogModuleManager: Shutting down and abandoning module DeviceManager (152)
[2016.07.08-18.52.22:797][535]LogModuleManager: Shutting down and abandoning module AutomationController (151)
[2016.07.08-18.52.22:797][535]LogModuleManager: Shutting down and abandoning module AutomationWindow (150)
[2016.07.08-18.52.22:797][535]LogModuleManager: Shutting down and abandoning module Layers (149)
[2016.07.08-18.52.22:797][535]LogModuleManager: Shutting down and abandoning module ComponentVisualizers (148)
[2016.07.08-18.52.22:797][535]LogModuleManager: Shutting down and abandoning module DetailCustomizations (147)
[2016.07.08-18.52.22:797][535]LogModuleManager: Shutting down and abandoning module PackagesDialog (146)
[2016.07.08-18.52.22:797][535]LogModuleManager: Shutting down and abandoning module Persona (145)
[2016.07.08-18.52.22:797][535]LogModuleManager: Shutting down and abandoning module Kismet (144)
[2016.07.08-18.52.22:797][535]LogModuleManager: Shutting down and abandoning module GraphEditor (143)
[2016.07.08-18.52.22:797][535]LogModuleManager: Shutting down and abandoning module ClassViewer (142)
[2016.07.08-18.52.22:797][535]LogModuleManager: Shutting down and abandoning module Toolbox (141)
[2016.07.08-18.52.22:797][535]LogModuleManager: Shutting down and abandoning module ModuleUI (140)
[2016.07.08-18.52.22:797][535]LogModuleManager: Shutting down and abandoning module MovieSceneTools (139)
[2016.07.08-18.52.22:797][535]LogModuleManager: Shutting down and abandoning module OutputLog (138)
[2016.07.08-18.52.22:797][535]LogModuleManager: Shutting down and abandoning module GammaUI (137)
[2016.07.08-18.52.22:797][535]LogModuleManager: Shutting down and abandoning module Documentation (136)
[2016.07.08-18.52.22:797][535]LogModuleManager: Shutting down and abandoning module StreamingPauseRendering (135)
[2016.07.08-18.52.22:797][535]LogModuleManager: Shutting down and abandoning module AnalyticsET (134)
[2016.07.08-18.52.22:797][535]LogModuleManager: Shutting down and abandoning module Analytics (133)
[2016.07.08-18.52.22:797][535]LogModuleManager: Shutting down and abandoning module PortalServices (132)
[2016.07.08-18.52.22:797][535]LogModuleManager: Shutting down and abandoning module PortalRpc (131)
[2016.07.08-18.52.22:797][535]LogModuleManager: Shutting down and abandoning module MessagingRpc (130)
[2016.07.08-18.52.22:797][535]LogModuleManager: Shutting down and abandoning module AITestSuite (129)
[2016.07.08-18.52.22:797][535]LogModuleManager: Shutting down and abandoning module GameplayDebugger (128)
[2016.07.08-18.52.22:797][535]LogModuleManager: Shutting down and abandoning module AIModule (127)
[2016.07.08-18.52.22:797][535]LogModuleManager: Shutting down and abandoning module ProfilerService (126)
[2016.07.08-18.52.22:818][535]LogModuleManager: Shutting down and abandoning module TaskGraph (125)
[2016.07.08-18.52.22:818][535]LogModuleManager: Shutting down and abandoning module SlateRemote (124)
[2016.07.08-18.52.22:818][535]LogModuleManager: Shutting down and abandoning module SteamVRController (123)
[2016.07.08-18.52.22:818][535]LogModuleManager: Shutting down and abandoning module SteamVR (122)
[2016.07.08-18.52.22:818][535]LogModuleManager: Shutting down and abandoning module ProceduralMeshComponent (121)
[2016.07.08-18.52.22:818][535]LogModuleManager: Shutting down and abandoning module OculusLibrary (120)
[2016.07.08-18.52.22:818][535]LogModuleManager: Shutting down and abandoning module OculusInput (119)
[2016.07.08-18.52.22:818][535]LogModuleManager: Shutting down and abandoning module CustomMeshComponent (118)
[2016.07.08-18.52.22:818][535]LogModuleManager: Shutting down and abandoning module CableComponent (117)
[2016.07.08-18.52.22:818][535]LogModuleManager: Shutting down and abandoning module ArchVisCharacter (116)
[2016.07.08-18.52.22:818][535]LogModuleManager: Shutting down and abandoning module MediaPlayerEditor (115)
[2016.07.08-18.52.22:818][535]LogModuleManager: Shutting down and abandoning module HTML5Networking (114)
[2016.07.08-18.52.22:818][535]LogModuleManager: Shutting down and abandoning module SpeedTreeImporter (113)
[2016.07.08-18.52.22:818][535]LogModuleManager: Shutting down and abandoning module PluginBrowser (112)
[2016.07.08-18.52.22:818][535]LogModuleManager: Shutting down and abandoning module EpicSurvey (111)
[2016.07.08-18.52.22:818][535]LogModuleManager: Shutting down and abandoning module DesktopPlatform (110)
[2016.07.08-18.52.22:818][535]LogModuleManager: Shutting down and abandoning module VisualStudioSourceCodeAccess (109)
[2016.07.08-18.52.22:818][535]LogModuleManager: Shutting down and abandoning module UObjectPlugin (108)
[2016.07.08-18.52.22:818][535]LogModuleManager: Shutting down and abandoning module SubversionSourceControl (107)
[2016.07.08-18.52.22:818][535]LogModuleManager: Shutting down and abandoning module PerforceSourceControl (106)
[2016.07.08-18.52.22:818][535]LogModuleManager: Shutting down and abandoning module SourceControl (105)
[2016.07.08-18.52.22:818][535]LogModuleManager: Shutting down and abandoning module GitSourceControl (104)
[2016.07.08-18.52.22:818][535]LogModuleManager: Shutting down and abandoning module LightPropagationVolumeEditor (103)
[2016.07.08-18.52.22:818][535]LogModuleManager: Shutting down and abandoning module PaperTiledImporter (102)
[2016.07.08-18.52.22:818][535]LogModuleManager: Shutting down and abandoning module PaperSpriteSheetImporter (101)
[2016.07.08-18.52.22:818][535]LogModuleManager: Shutting down and abandoning module MeshPaint (100)
[2016.07.08-18.52.22:818][535]LogModuleManager: Shutting down and abandoning module HotReload (99)
[2016.07.08-18.52.22:819][535]LogModuleManager: Shutting down and abandoning module MainFrame (98)
[2016.07.08-18.52.22:819][535]LogModuleManager: Shutting down and abandoning module LevelEditor (97)
[2016.07.08-18.52.22:819][535]LogModuleManager: Shutting down and abandoning module DirectoryWatcher (96)
[2016.07.08-18.52.22:820][535]LogModuleManager: Shutting down and abandoning module AssetRegistry (95)
[2016.07.08-18.52.22:929][535]LogModuleManager: Shutting down and abandoning module ContentBrowser (94)
[2016.07.08-18.52.22:930][535]LogModuleManager: Shutting down and abandoning module Paper2DEditor (93)
[2016.07.08-18.52.22:930][535]LogModuleManager: Shutting down and abandoning module UdpMessaging (92)
[2016.07.08-18.52.23:031][535]LogModuleManager: Shutting down and abandoning module LightPropagationVolumeRuntime (91)
[2016.07.08-18.52.23:031][535]LogModuleManager: Shutting down and abandoning module Paper2D (90)
[2016.07.08-18.52.23:031][535]LogModuleManager: Shutting down and abandoning module WindowsMoviePlayer (89)
[2016.07.08-18.52.23:031][535]LogModuleManager: Shutting down and abandoning module Media (88)
[2016.07.08-18.52.23:031][535]LogModuleManager: Shutting down and abandoning module WmfMedia (87)
[2016.07.08-18.52.23:031][535]LogModuleManager: Shutting down and abandoning module MediaAssets (86)
[2016.07.08-18.52.23:031][535]LogModuleManager: Shutting down and abandoning module GameLiveStreaming (85)
[2016.07.08-18.52.23:031][535]LogModuleManager: Shutting down and abandoning module GameplayTagsEditor (84)
[2016.07.08-18.52.23:031][535]LogModuleManager: Shutting down and abandoning module OnlineBlueprintSupport (83)
[2016.07.08-18.52.23:031][535]LogModuleManager: Shutting down and abandoning module GameplayTasksEditor (82)
[2016.07.08-18.52.23:031][535]LogModuleManager: Shutting down and abandoning module PropertyEditor (81)
[2016.07.08-18.52.23:031][535]LogModuleManager: Shutting down and abandoning module BehaviorTreeEditor (80)
[2016.07.08-18.52.23:031][535]LogModuleManager: Shutting down and abandoning module FunctionalTesting (79)
[2016.07.08-18.52.23:031][535]LogModuleManager: Shutting down and abandoning module CollisionAnalyzer (78)
[2016.07.08-18.52.23:031][535]LogModuleManager: Shutting down and abandoning module WorkspaceMenuStructure (77)
[2016.07.08-18.52.23:031][535]LogModuleManager: Shutting down and abandoning module MessageLog (76)
[2016.07.08-18.52.23:031][535]LogModuleManager: Shutting down and abandoning module Sequencer (75)
[2016.07.08-18.52.23:031][535]LogModuleManager: Shutting down and abandoning module AssetTools (74)
[2016.07.08-18.52.23:031][535]LogModuleManager: Shutting down and abandoning module UMGEditor (73)
[2016.07.08-18.52.23:031][535]LogModuleManager: Shutting down and abandoning module UMG (72)
[2016.07.08-18.52.23:031][535]LogModuleManager: Shutting down and abandoning module SlateReflector (71)
[2016.07.08-18.52.23:031][535]LogModuleManager: Shutting down and abandoning module Slate (70)
[2016.07.08-18.52.23:031][535]LogModuleManager: Shutting down and abandoning module EditorStyle (69)
[2016.07.08-18.52.23:033][535]LogModuleManager: Shutting down and abandoning module SessionServices (68)
[2016.07.08-18.52.23:033][535]LogModuleManager: Shutting down and abandoning module SourceCodeAccess (67)
[2016.07.08-18.52.23:034][535]LogModuleManager: Shutting down and abandoning module HeadMountedDisplay (66)
[2016.07.08-18.52.23:034][535]LogModuleManager: Shutting down and abandoning module XAudio2 (65)
[2016.07.08-18.52.23:034][535]LogModuleManager: Shutting down and abandoning module Networking (63)
[2016.07.08-18.52.23:034][535]LogModuleManager: Shutting down and abandoning module Core (62)
[2016.07.08-18.52.23:034][535]LogModuleManager: Shutting down and abandoning module KismetCompiler (61)
[2016.07.08-18.52.23:034][535]LogModuleManager: Shutting down and abandoning module PhysXFormats (60)
[2016.07.08-18.52.23:034][535]LogModuleManager: Shutting down and abandoning module MeshUtilities (59)
[2016.07.08-18.52.23:034][535]LogModuleManager: Shutting down and abandoning module CookingStats (58)
[2016.07.08-18.52.23:034][535]LogModuleManager: Shutting down and abandoning module DerivedDataCache (57)
[2016.07.08-18.52.23:034][535]LogDerivedDataCache: Shutdown
[2016.07.08-18.52.23:034][535]LogModuleManager: Shutting down and abandoning module ShaderFormatOpenGL (56)
[2016.07.08-18.52.23:034][535]LogModuleManager: Shutting down and abandoning module ShaderFormatD3D (55)
[2016.07.08-18.52.23:034][535]LogModuleManager: Shutting down and abandoning module MetalShaderFormat (54)
[2016.07.08-18.52.23:034][535]LogModuleManager: Shutting down and abandoning module TextureFormatUncompressed (53)
[2016.07.08-18.52.23:034][535]LogModuleManager: Shutting down and abandoning module TextureFormatPVR (52)
[2016.07.08-18.52.23:034][535]LogModuleManager: Shutting down and abandoning module TextureFormatIntelISPCTexComp (51)
[2016.07.08-18.52.23:034][535]LogModuleManager: Shutting down and abandoning module TextureFormatDXT (50)
[2016.07.08-18.52.23:034][535]LogModuleManager: Shutting down and abandoning module ImageWrapper (49)
[2016.07.08-18.52.23:034][535]LogModuleManager: Shutting down and abandoning module TextureFormatASTC (48)
[2016.07.08-18.52.23:034][535]LogModuleManager: Shutting down and abandoning module TextureFormatAndroid (47)
[2016.07.08-18.52.23:034][535]LogModuleManager: Shutting down and abandoning module AudioFormatOpus (46)
[2016.07.08-18.52.23:034][535]LogModuleManager: Shutting down and abandoning module AudioFormatOgg (45)
[2016.07.08-18.52.23:034][535]LogModuleManager: Shutting down and abandoning module AudioFormatADPCM (44)
[2016.07.08-18.52.23:034][535]LogModuleManager: Shutting down and abandoning module LinuxTargetPlatform (43)
[2016.07.08-18.52.23:034][535]LogModuleManager: Shutting down and abandoning module LinuxServerTargetPlatform (42)
[2016.07.08-18.52.23:034][535]LogModuleManager: Shutting down and abandoning module LinuxNoEditorTargetPlatform (41)
[2016.07.08-18.52.23:034][535]LogModuleManager: Shutting down and abandoning module TVOSTargetPlatform (40)
[2016.07.08-18.52.23:034][535]LogModuleManager: Shutting down and abandoning module Messaging (39)
[2016.07.08-18.52.23:034][535]LogModuleManager: Shutting down and abandoning module IOSTargetPlatform (38)
[2016.07.08-18.52.23:034][535]LogModuleManager: Shutting down and abandoning module HTML5TargetPlatform (37)
[2016.07.08-18.52.23:034][535]LogModuleManager: Shutting down and abandoning module Android_PVRTCTargetPlatform (36)
[2016.07.08-18.52.23:034][535]LogModuleManager: Shutting down and abandoning module Android_MultiTargetPlatform (35)
[2016.07.08-18.52.23:034][535]LogModuleManager: Shutting down and abandoning module Android_ETC2TargetPlatform (34)
[2016.07.08-18.52.23:034][535]LogModuleManager: Shutting down and abandoning module Android_ETC1TargetPlatform (33)
[2016.07.08-18.52.23:034][535]LogModuleManager: Shutting down and abandoning module Android_DXTTargetPlatform (32)
[2016.07.08-18.52.23:034][535]LogModuleManager: Shutting down and abandoning module Android_ATCTargetPlatform (31)
[2016.07.08-18.52.23:034][535]LogModuleManager: Shutting down and abandoning module Android_ASTCTargetPlatform (30)
[2016.07.08-18.52.23:034][535]LogModuleManager: Shutting down and abandoning module AndroidTargetPlatform (29)
[2016.07.08-18.52.23:034][535]LogModuleManager: Shutting down and abandoning module WindowsTargetPlatform (28)
[2016.07.08-18.52.23:034][535]LogModuleManager: Shutting down and abandoning module WindowsServerTargetPlatform (27)
[2016.07.08-18.52.23:034][535]LogModuleManager: Shutting down and abandoning module WindowsNoEditorTargetPlatform (26)
[2016.07.08-18.52.23:034][535]LogModuleManager: Shutting down and abandoning module WindowsClientTargetPlatform (25)
[2016.07.08-18.52.23:034][535]LogModuleManager: Shutting down and abandoning module AllDesktopTargetPlatform (24)
[2016.07.08-18.52.23:034][535]LogModuleManager: Shutting down and abandoning module TargetPlatform (23)
[2016.07.08-18.52.23:034][535]LogModuleManager: Shutting down and abandoning module InputCore (22)
[2016.07.08-18.52.23:034][535]LogModuleManager: Shutting down and abandoning module Settings (21)
[2016.07.08-18.52.23:034][535]LogModuleManager: Shutting down and abandoning module OnlineSubsystem (19)
[2016.07.08-18.52.23:034][535]LogModuleManager: Shutting down and abandoning module HTTP (18)
[2016.07.08-18.52.25:036][535]LogModuleManager: Shutting down and abandoning module XMPP (17)
[2016.07.08-18.52.25:036][535]LogModuleManager: Shutting down and abandoning module OculusRift (16)
[2016.07.08-18.52.25:036][535]LogModuleManager: Shutting down and abandoning module ExampleDeviceProfileSelector (15)
[2016.07.08-18.52.25:036][535]LogModuleManager: Shutting down and abandoning module TextureCompressor (14)
[2016.07.08-18.52.25:036][535]LogModuleManager: Shutting down and abandoning module ShaderCore (13)
[2016.07.08-18.52.25:036][535]LogModuleManager: Shutting down and abandoning module Landscape (12)
[2016.07.08-18.52.25:036][535]LogModuleManager: Shutting down and abandoning module SlateRHIRenderer (11)
[2016.07.08-18.52.25:038][535]LogModuleManager: Shutting down and abandoning module OpenGLDrv (10)
[2016.07.08-18.52.25:038][535]LogModuleManager: Shutting down and abandoning module D3D11RHI (9)
[2016.07.08-18.52.25:038][535]LogModuleManager: Shutting down and abandoning module AnimGraphRuntime (8)
[2016.07.08-18.52.25:038][535]LogModuleManager: Shutting down and abandoning module Renderer (7)
[2016.07.08-18.52.25:038][535]LogModuleManager: Shutting down and abandoning module Engine (6)
[2016.07.08-18.52.25:038][535]LogModuleManager: Shutting down and abandoning module CoreUObject (5)
[2016.07.08-18.52.25:038][535]LogModuleManager: Shutting down and abandoning module NetworkFile (4)
[2016.07.08-18.52.25:038][535]LogModuleManager: Shutting down and abandoning module StreamingFile (3)
[2016.07.08-18.52.25:038][535]LogModuleManager: Shutting down and abandoning module SandboxFile (2)
[2016.07.08-18.52.25:038][535]LogModuleManager: Shutting down and abandoning module PakFile (1)
[2016.07.08-18.52.25:039][535]LogExit: Exiting.
[2016.07.08-18.52.25:044][535]Log file closed, 07/08/16 14:52:25
